≡ƒÜÇ Starting FISMAT Mega-Import, Validation & Reorganization
Γ£à Ensured 'LINEAR_ALGEBRA' in DB QuestionCategory enum.
≡ƒôÑ Parsing FISMAT - ALJABAR LINEAR SOAL 1.txt...
≡ƒôÑ Parsing FISMAT - ALJABAR LINEAR SOAL 2.txt...
≡ƒôÑ Parsing FISMAT - ALJABAR LINEAR SOAL 3.txt...
≡ƒôÑ Parsing FISMAT - ALJABAR LINEAR SOAL 4.txt...
≡ƒôÑ Parsing FISMAT - ALJABAR LINEAR SOAL 5.txt...
≡ƒôÑ Parsing FISMAT - ALJABAR LINEAR SOAL 6.txt...
≡ƒôÑ Parsing FISMAT - ALJABAR LINEAR SOAL 7.txt...

Γ£à Parsed 207 Linear Algebra questions, safely delimited LaTeX.

ΓÅ│ Beginning Database Modifications via Supabase...
≡ƒùæ∩╕Å  Fetching old FISMAT tryouts to delete...
Γ£à No old tryouts found.
≡ƒÆ╛ Inserting new Linear Algebra questions...
Γ£à Inserted 207 questions.
≡ƒöä Fetching all FISMAT questions...
   Found 750 total FISMAT questions.

≡ƒÅù∩╕Å  Building Master Tryouts (Total: 10 parts, 10 questions each)...
Γ£à Created Master Tryouts.

≡ƒÅù∩╕Å  Building Practice Tryouts from 650 remaining questions...
   ≡ƒö╕ Created 26 practice parts for COMPLEX_NUMBERS.
   ≡ƒö╕ Created 19 practice parts for LINEAR_ALGEBRA.
   ≡ƒö╕ Created 21 practice parts for SERIES_POWER.
≡ƒÆ╛ Inserting 750 Tryout-Question relationship linkages...
Γ£à All 66 practice Tryout parts logic registered into database.

≡ƒÄë FISMAT UPDATE OPERATION COMPLETE.
