≡ƒÜÇ Starting FISMAT Mega-Import, Validation & Reorganization
≡ƒôÑ Parsing FISMAT - ALJABAR LINEAR SOAL 1.txt...
≡ƒôÑ Parsing FISMAT - ALJABAR LINEAR SOAL 2.txt...
≡ƒôÑ Parsing FISMAT - ALJABAR LINEAR SOAL 3.txt...
≡ƒôÑ Parsing FISMAT - ALJABAR LINEAR SOAL 4.txt...
≡ƒôÑ Parsing FISMAT - ALJABAR LINEAR SOAL 5.txt...
≡ƒôÑ Parsing FISMAT - ALJABAR LINEAR SOAL 6.txt...
≡ƒôÑ Parsing FISMAT - ALJABAR LINEAR SOAL 7.txt...

Γ£à Parsed 207 Linear Algebra questions, safely delimited LaTeX.

ΓÅ│ Beginning Database Modifications via Supabase...
≡ƒùæ∩╕Å  Fetching old FISMAT tryouts to delete...
Γ£à No old tryouts found.
≡ƒÆ╛ Inserting new Linear Algebra questions...
node.exe : Γ¥î Fatal Error:  
Error: Could not insert 
questions: Could not find 
the 'type' column of 
'questions' in the schema 
cache
At line:1 char:1
+ & "C:\Program 
Files\nodejs/node.exe" 
"C:\Program 
Files\nodejs/node_mo ...
+ ~~~~~~~~~~~~~~~~~~~~~~~~~~~
~~~~~~~~~~~~~~~~~~~~~~~~~~~~~
~~~~~~~~~~~~~
    + CategoryInfo           
   : NotSpecified: (Γ¥î Fat  
  al Error...he schema cac   
 he:String) [], RemoteExc    
eption
    + FullyQualifiedErrorId  
   : NativeCommandError
 
    at run (C:\Users\p\.gemin
i\antigravity\scratch\bbn-web
site\scripts\fismat_ultimate_
reorg.ts:367:27)
    at process.processTicksAn
dRejections (node:internal/pr
ocess/task_queues:103:5)
